<?xml version="1.0" encoding="UTF-8" ?>
<testsuite failures="0" time="0.149" errors="0" skipped="0" tests="20" name="ohtu.ohtuvarasto.VarastoTest">
  <properties>
[...]
</properties>
  <testcase time="0.003" classname="ohtu.ohtuvarasto.VarastoTest" name="konstruktoriLuoTyhjanVaraston"/>
  <testcase time="0.001" classname="ohtu.ohtuvarasto.VarastoTest" name="uudellaVarastollaOikeaTilavuus"/>
  <testcase time="0.007" classname="ohtu.ohtuvarasto.VarastoTest" name="lisaysLisaaSaldoa"/>
  <testcase time="0.001" classname="ohtu.ohtuvarasto.VarastoTest" name="lisaysYliTilavuuden"/>
  <testcase time="0" classname="ohtu.ohtuvarasto.VarastoTest" name="negLisays"/>
  <testcase time="0.001" classname="ohtu.ohtuvarasto.VarastoTest" name="lisaysLisaaPienentaaVapaataTilaa"/>
  <testcase time="0.001" classname="ohtu.ohtuvarasto.VarastoTest" name="ottaminenPalauttaaOikeanMaaran"/>
  <testcase time="0" classname="ohtu.ohtuvarasto.VarastoTest" name="ottaminenYliSaldonTyhjentaaVaraston"/>
  <testcase time="0" classname="ohtu.ohtuvarasto.VarastoTest" name="ottaminenLis\u00E4\u00E4Tilaa"/>
  <testcase time="0.001" classname="ohtu.ohtuvarasto.VarastoTest" name="konstr"/>
  <testcase time="0" classname="ohtu.ohtuvarasto.VarastoTest" name="negKonstr"/>
  <testcase time="0" classname="ohtu.ohtuvarasto.VarastoTest" name="negAlkuSaldo"/>
  <testcase time="0.001" classname="ohtu.ohtuvarasto.VarastoTest" name="suurempiAlkuSaldo"/>
  <testcase time="0" classname="ohtu.ohtuvarasto.VarastoTest" name="lisaaTyhjaan"/>
  <testcase time="0" classname="ohtu.ohtuvarasto.VarastoTest" name="otaKaikki"/>
  <testcase time="0.001" classname="ohtu.ohtuvarasto.VarastoTest" name="otaYliSaldon"/>
  <testcase time="0.001" classname="ohtu.ohtuvarasto.VarastoTest" name="luoTaysi"/>
  <testcase time="0" classname="ohtu.ohtuvarasto.VarastoTest" name="testTilavuus"/>
  <testcase time="0" classname="ohtu.ohtuvarasto.VarastoTest" name="otaNegatiivinen"/>
  <testcase time="0" classname="ohtu.ohtuvarasto.VarastoTest" name="fubarTest"/>
</testsuite>